<?xml version="1.0" encoding="UTF-8"?>
<testsuite xmlns:xsi="http://www.w3.org/2001/XMLSchema-instance" xsi:noNamespaceSchemaLocation="https://maven.apache.org/surefire/maven-surefire-plugin/xsd/surefire-test-report.xsd" version="3.0.2" name="bowling.GameRunTest" time="0.096" tests="6" errors="0" skipped="0" failures="0">
  <properties>
[...]
</properties>
  <testcase name="testOneStrike" classname="bowling.GameRunTest" time="0.04"/>
  <testcase name="testOneSpare" classname="bowling.GameRunTest" time="0.002"/>
  <testcase name="testAllOnes" classname="bowling.GameRunTest" time="0.002"/>
  <testcase name="unLancerDeTrop" classname="bowling.GameRunTest" time="0.003"/>
  <testcase name="testBeginGame" classname="bowling.GameRunTest" time="0.001"/>
  <testcase name="passeAuTourSuivant" classname="bowling.GameRunTest" time="0.002"/>
</testsuite>